2025-07-06 11:15:59,220 [Worker-4: Loading available Gradle versions] INFO  o.e.b.c.i.u.g.PublishedGradleVersions - Gradle version information cache is not available. Remote download required.
2025-07-06 11:16:39,971 [ModalContext] INFO  o.e.m.c.i.e.AbstractTransferListenerAdapter - Downloading https://repo.maven.apache.org/maven2/org/apache/maven/archetypes/maven-archetype-quickstart/1.1/maven-archetype-quickstart-1.1.pom
2025-07-06 11:16:39,985 [ModalContext] INFO  o.e.m.c.i.e.AbstractTransferListenerAdapter - Downloaded https://repo.maven.apache.org/maven2/org/apache/maven/archetypes/maven-archetype-quickstart/1.1/maven-archetype-quickstart-1.1.pom
2025-07-06 11:16:58,396 [Worker-8: Launching mavenrun-7de323f4-fa1c-49e1-b3bf-86d5be1b4588] INFO  o.eclipse.m2e.core.internal.Bundles - getClasspathEntries(Bundle=org.eclipse.m2e.maven.runtime_3.9.900.20250220-2013 [299])
2025-07-06 11:16:58,400 [Worker-8: Launching mavenrun-7de323f4-fa1c-49e1-b3bf-86d5be1b4588] INFO  o.eclipse.m2e.core.internal.Bundles - 	Entry: C:\Users\10834363\Downloads\eclipse-java-2025-03-R-win32-x86_64\eclipse\plugins\org.eclipse.m2e.maven.runtime_3.9.900.20250220-2013
2025-07-06 11:16:58,401 [Worker-8: Launching mavenrun-7de323f4-fa1c-49e1-b3bf-86d5be1b4588] INFO  o.eclipse.m2e.core.internal.Bundles - 	Entry: C:\Users\10834363\Downloads\eclipse-java-2025-03-R-win32-x86_64\eclipse\plugins\org.eclipse.m2e.maven.runtime_3.9.900.20250220-2013\jars\aopalliance-1.0.jar
2025-07-06 11:16:58,401 [Worker-8: Launching mavenrun-7de323f4-fa1c-49e1-b3bf-86d5be1b4588] INFO  o.eclipse.m2e.core.internal.Bundles - 	Entry: C:\Users\10834363\Downloads\eclipse-java-2025-03-R-win32-x86_64\eclipse\plugins\org.eclipse.m2e.maven.runtime_3.9.900.20250220-2013\jars\guice-5.1.0.jar
2025-07-06 11:16:58,401 [Worker-8: Launching mavenrun-7de323f4-fa1c-49e1-b3bf-86d5be1b4588] INFO  o.eclipse.m2e.core.internal.Bundles - 	Entry: C:\Users\10834363\Downloads\eclipse-java-2025-03-R-win32-x86_64\eclipse\plugins\org.eclipse.m2e.maven.runtime_3.9.900.20250220-2013\jars\httpclient-4.5.14.jar
2025-07-06 11:16:58,402 [Worker-8: Launching mavenrun-7de323f4-fa1c-49e1-b3bf-86d5be1b4588] INFO  o.eclipse.m2e.core.internal.Bundles - 	Entry: C:\Users\10834363\Downloads\eclipse-java-2025-03-R-win32-x86_64\eclipse\plugins\org.eclipse.m2e.maven.runtime_3.9.900.20250220-2013\jars\httpcore-4.4.16.jar
2025-07-06 11:16:58,402 [Worker-8: Launching mavenrun-7de323f4-fa1c-49e1-b3bf-86d5be1b4588] INFO  o.eclipse.m2e.core.internal.Bundles - 	Entry: C:\Users\10834363\Downloads\eclipse-java-2025-03-R-win32-x86_64\eclipse\plugins\org.eclipse.m2e.maven.runtime_3.9.900.20250220-2013\jars\jansi-2.4.1.jar
2025-07-06 11:16:58,402 [Worker-8: Launching mavenrun-7de323f4-fa1c-49e1-b3bf-86d5be1b4588] INFO  o.eclipse.m2e.core.internal.Bundles - 	Entry: C:\Users\10834363\Downloads\eclipse-java-2025-03-R-win32-x86_64\eclipse\plugins\org.eclipse.m2e.maven.runtime_3.9.900.20250220-2013\jars\jcl-over-slf4j-1.7.36.jar
2025-07-06 11:16:58,402 [Worker-8: Launching mavenrun-7de323f4-fa1c-49e1-b3bf-86d5be1b4588] INFO  o.eclipse.m2e.core.internal.Bundles - 	Entry: C:\Users\10834363\Downloads\eclipse-java-2025-03-R-win32-x86_64\eclipse\plugins\org.eclipse.m2e.maven.runtime_3.9.900.20250220-2013\jars\maven-artifact-3.9.9.jar
2025-07-06 11:16:58,403 [Worker-8: Launching mavenrun-7de323f4-fa1c-49e1-b3bf-86d5be1b4588] INFO  o.eclipse.m2e.core.internal.Bundles - 	Entry: C:\Users\10834363\Downloads\eclipse-java-2025-03-R-win32-x86_64\eclipse\plugins\org.eclipse.m2e.maven.runtime_3.9.900.20250220-2013\jars\maven-builder-support-3.9.9.jar
2025-07-06 11:16:58,403 [Worker-8: Launching mavenrun-7de323f4-fa1c-49e1-b3bf-86d5be1b4588] INFO  o.eclipse.m2e.core.internal.Bundles - 	Entry: C:\Users\10834363\Downloads\eclipse-java-2025-03-R-win32-x86_64\eclipse\plugins\org.eclipse.m2e.maven.runtime_3.9.900.20250220-2013\jars\maven-compat-3.9.9.jar
2025-07-06 11:16:58,404 [Worker-8: Launching mavenrun-7de323f4-fa1c-49e1-b3bf-86d5be1b4588] INFO  o.eclipse.m2e.core.internal.Bundles - 	Entry: C:\Users\10834363\Downloads\eclipse-java-2025-03-R-win32-x86_64\eclipse\plugins\org.eclipse.m2e.maven.runtime_3.9.900.20250220-2013\jars\maven-core-3.9.9.jar
2025-07-06 11:16:58,404 [Worker-8: Launching mavenrun-7de323f4-fa1c-49e1-b3bf-86d5be1b4588] INFO  o.eclipse.m2e.core.internal.Bundles - 	Entry: C:\Users\10834363\Downloads\eclipse-java-2025-03-R-win32-x86_64\eclipse\plugins\org.eclipse.m2e.maven.runtime_3.9.900.20250220-2013\jars\maven-embedder-3.9.9.jar
2025-07-06 11:16:58,404 [Worker-8: Launching mavenrun-7de323f4-fa1c-49e1-b3bf-86d5be1b4588] INFO  o.eclipse.m2e.core.internal.Bundles - 	Entry: C:\Users\10834363\Downloads\eclipse-java-2025-03-R-win32-x86_64\eclipse\plugins\org.eclipse.m2e.maven.runtime_3.9.900.20250220-2013\jars\maven-model-3.9.9.jar
2025-07-06 11:16:58,405 [Worker-8: Launching mavenrun-7de323f4-fa1c-49e1-b3bf-86d5be1b4588] INFO  o.eclipse.m2e.core.internal.Bundles - 	Entry: C:\Users\10834363\Downloads\eclipse-java-2025-03-R-win32-x86_64\eclipse\plugins\org.eclipse.m2e.maven.runtime_3.9.900.20250220-2013\jars\maven-model-builder-3.9.9.jar
2025-07-06 11:16:58,405 [Worker-8: Launching mavenrun-7de323f4-fa1c-49e1-b3bf-86d5be1b4588] INFO  o.eclipse.m2e.core.internal.Bundles - 	Entry: C:\Users\10834363\Downloads\eclipse-java-2025-03-R-win32-x86_64\eclipse\plugins\org.eclipse.m2e.maven.runtime_3.9.900.20250220-2013\jars\maven-plugin-api-3.9.9.jar
2025-07-06 11:16:58,405 [Worker-8: Launching mavenrun-7de323f4-fa1c-49e1-b3bf-86d5be1b4588] INFO  o.eclipse.m2e.core.internal.Bundles - 	Entry: C:\Users\10834363\Downloads\eclipse-java-2025-03-R-win32-x86_64\eclipse\plugins\org.eclipse.m2e.maven.runtime_3.9.900.20250220-2013\jars\maven-repository-metadata-3.9.9.jar
2025-07-06 11:16:58,405 [Worker-8: Launching mavenrun-7de323f4-fa1c-49e1-b3bf-86d5be1b4588] INFO  o.eclipse.m2e.core.internal.Bundles - 	Entry: C:\Users\10834363\Downloads\eclipse-java-2025-03-R-win32-x86_64\eclipse\plugins\org.eclipse.m2e.maven.runtime_3.9.900.20250220-2013\jars\maven-resolver-api-1.9.22.jar
2025-07-06 11:16:58,406 [Worker-8: Launching mavenrun-7de323f4-fa1c-49e1-b3bf-86d5be1b4588] INFO  o.eclipse.m2e.core.internal.Bundles - 	Entry: C:\Users\10834363\Downloads\eclipse-java-2025-03-R-win32-x86_64\eclipse\plugins\org.eclipse.m2e.maven.runtime_3.9.900.20250220-2013\jars\maven-resolver-connector-basic-1.9.22.jar
2025-07-06 11:16:58,406 [Worker-8: Launching mavenrun-7de323f4-fa1c-49e1-b3bf-86d5be1b4588] INFO  o.eclipse.m2e.core.internal.Bundles - 	Entry: C:\Users\10834363\Downloads\eclipse-java-2025-03-R-win32-x86_64\eclipse\plugins\org.eclipse.m2e.maven.runtime_3.9.900.20250220-2013\jars\maven-resolver-impl-1.9.22.jar
2025-07-06 11:16:58,406 [Worker-8: Launching mavenrun-7de323f4-fa1c-49e1-b3bf-86d5be1b4588] INFO  o.eclipse.m2e.core.internal.Bundles - 	Entry: C:\Users\10834363\Downloads\eclipse-java-2025-03-R-win32-x86_64\eclipse\plugins\org.eclipse.m2e.maven.runtime_3.9.900.20250220-2013\jars\maven-resolver-named-locks-1.9.22.jar
2025-07-06 11:16:58,407 [Worker-8: Launching mavenrun-7de323f4-fa1c-49e1-b3bf-86d5be1b4588] INFO  o.eclipse.m2e.core.internal.Bundles - 	Entry: C:\Users\10834363\Downloads\eclipse-java-2025-03-R-win32-x86_64\eclipse\plugins\org.eclipse.m2e.maven.runtime_3.9.900.20250220-2013\jars\maven-resolver-provider-3.9.9.jar
2025-07-06 11:16:58,407 [Worker-8: Launching mavenrun-7de323f4-fa1c-49e1-b3bf-86d5be1b4588] INFO  o.eclipse.m2e.core.internal.Bundles - 	Entry: C:\Users\10834363\Downloads\eclipse-java-2025-03-R-win32-x86_64\eclipse\plugins\org.eclipse.m2e.maven.runtime_3.9.900.20250220-2013\jars\maven-resolver-spi-1.9.22.jar
2025-07-06 11:16:58,407 [Worker-8: Launching mavenrun-7de323f4-fa1c-49e1-b3bf-86d5be1b4588] INFO  o.eclipse.m2e.core.internal.Bundles - 	Entry: C:\Users\10834363\Downloads\eclipse-java-2025-03-R-win32-x86_64\eclipse\plugins\org.eclipse.m2e.maven.runtime_3.9.900.20250220-2013\jars\maven-resolver-transport-file-1.9.22.jar
2025-07-06 11:16:58,408 [Worker-8: Launching mavenrun-7de323f4-fa1c-49e1-b3bf-86d5be1b4588] INFO  o.eclipse.m2e.core.internal.Bundles - 	Entry: C:\Users\10834363\Downloads\eclipse-java-2025-03-R-win32-x86_64\eclipse\plugins\org.eclipse.m2e.maven.runtime_3.9.900.20250220-2013\jars\maven-resolver-transport-http-1.9.22.jar
2025-07-06 11:16:58,408 [Worker-8: Launching mavenrun-7de323f4-fa1c-49e1-b3bf-86d5be1b4588] INFO  o.eclipse.m2e.core.internal.Bundles - 	Entry: C:\Users\10834363\Downloads\eclipse-java-2025-03-R-win32-x86_64\eclipse\plugins\org.eclipse.m2e.maven.runtime_3.9.900.20250220-2013\jars\maven-resolver-transport-wagon-1.9.22.jar
2025-07-06 11:16:58,408 [Worker-8: Launching mavenrun-7de323f4-fa1c-49e1-b3bf-86d5be1b4588] INFO  o.eclipse.m2e.core.internal.Bundles - 	Entry: C:\Users\10834363\Downloads\eclipse-java-2025-03-R-win32-x86_64\eclipse\plugins\org.eclipse.m2e.maven.runtime_3.9.900.20250220-2013\jars\maven-resolver-util-1.9.22.jar
2025-07-06 11:16:58,408 [Worker-8: Launching mavenrun-7de323f4-fa1c-49e1-b3bf-86d5be1b4588] INFO  o.eclipse.m2e.core.internal.Bundles - 	Entry: C:\Users\10834363\Downloads\eclipse-java-2025-03-R-win32-x86_64\eclipse\plugins\org.eclipse.m2e.maven.runtime_3.9.900.20250220-2013\jars\maven-settings-3.9.9.jar
2025-07-06 11:16:58,409 [Worker-8: Launching mavenrun-7de323f4-fa1c-49e1-b3bf-86d5be1b4588] INFO  o.eclipse.m2e.core.internal.Bundles - 	Entry: C:\Users\10834363\Downloads\eclipse-java-2025-03-R-win32-x86_64\eclipse\plugins\org.eclipse.m2e.maven.runtime_3.9.900.20250220-2013\jars\maven-settings-builder-3.9.9.jar
2025-07-06 11:16:58,409 [Worker-8: Launching mavenrun-7de323f4-fa1c-49e1-b3bf-86d5be1b4588] INFO  o.eclipse.m2e.core.internal.Bundles - 	Entry: C:\Users\10834363\Downloads\eclipse-java-2025-03-R-win32-x86_64\eclipse\plugins\org.eclipse.m2e.maven.runtime_3.9.900.20250220-2013\jars\maven-shared-utils-3.4.2.jar
2025-07-06 11:16:58,409 [Worker-8: Launching mavenrun-7de323f4-fa1c-49e1-b3bf-86d5be1b4588] INFO  o.eclipse.m2e.core.internal.Bundles - 	Entry: C:\Users\10834363\Downloads\eclipse-java-2025-03-R-win32-x86_64\eclipse\plugins\org.eclipse.m2e.maven.runtime_3.9.900.20250220-2013\jars\org.eclipse.sisu.inject-0.9.0.M3.jar
2025-07-06 11:16:58,410 [Worker-8: Launching mavenrun-7de323f4-fa1c-49e1-b3bf-86d5be1b4588] INFO  o.eclipse.m2e.core.internal.Bundles - 	Entry: C:\Users\10834363\Downloads\eclipse-java-2025-03-R-win32-x86_64\eclipse\plugins\org.eclipse.m2e.maven.runtime_3.9.900.20250220-2013\jars\org.eclipse.sisu.plexus-0.9.0.M3.jar
2025-07-06 11:16:58,410 [Worker-8: Launching mavenrun-7de323f4-fa1c-49e1-b3bf-86d5be1b4588] INFO  o.eclipse.m2e.core.internal.Bundles - 	Entry: C:\Users\10834363\Downloads\eclipse-java-2025-03-R-win32-x86_64\eclipse\plugins\org.eclipse.m2e.maven.runtime_3.9.900.20250220-2013\jars\plexus-build-api-0.0.7.jar
2025-07-06 11:16:58,411 [Worker-8: Launching mavenrun-7de323f4-fa1c-49e1-b3bf-86d5be1b4588] INFO  o.eclipse.m2e.core.internal.Bundles - 	Entry: C:\Users\10834363\Downloads\eclipse-java-2025-03-R-win32-x86_64\eclipse\plugins\org.eclipse.m2e.maven.runtime_3.9.900.20250220-2013\jars\plexus-build-api-1.2.0.jar
2025-07-06 11:16:58,411 [Worker-8: Launching mavenrun-7de323f4-fa1c-49e1-b3bf-86d5be1b4588] INFO  o.eclipse.m2e.core.internal.Bundles - 	Entry: C:\Users\10834363\Downloads\eclipse-java-2025-03-R-win32-x86_64\eclipse\plugins\org.eclipse.m2e.maven.runtime_3.9.900.20250220-2013\jars\plexus-cipher-2.0.jar
2025-07-06 11:16:58,412 [Worker-8: Launching mavenrun-7de323f4-fa1c-49e1-b3bf-86d5be1b4588] INFO  o.eclipse.m2e.core.internal.Bundles - 	Entry: C:\Users\10834363\Downloads\eclipse-java-2025-03-R-win32-x86_64\eclipse\plugins\org.eclipse.m2e.maven.runtime_3.9.900.20250220-2013\jars\plexus-classworlds-2.8.0.jar
2025-07-06 11:16:58,413 [Worker-8: Launching mavenrun-7de323f4-fa1c-49e1-b3bf-86d5be1b4588] INFO  o.eclipse.m2e.core.internal.Bundles - 	Entry: C:\Users\10834363\Downloads\eclipse-java-2025-03-R-win32-x86_64\eclipse\plugins\org.eclipse.m2e.maven.runtime_3.9.900.20250220-2013\jars\plexus-component-annotations-2.1.0.jar
2025-07-06 11:16:58,413 [Worker-8: Launching mavenrun-7de323f4-fa1c-49e1-b3bf-86d5be1b4588] INFO  o.eclipse.m2e.core.internal.Bundles - 	Entry: C:\Users\10834363\Downloads\eclipse-java-2025-03-R-win32-x86_64\eclipse\plugins\org.eclipse.m2e.maven.runtime_3.9.900.20250220-2013\jars\plexus-interpolation-1.27.jar
2025-07-06 11:16:58,413 [Worker-8: Launching mavenrun-7de323f4-fa1c-49e1-b3bf-86d5be1b4588] INFO  o.eclipse.m2e.core.internal.Bundles - 	Entry: C:\Users\10834363\Downloads\eclipse-java-2025-03-R-win32-x86_64\eclipse\plugins\org.eclipse.m2e.maven.runtime_3.9.900.20250220-2013\jars\plexus-sec-dispatcher-2.0.jar
2025-07-06 11:16:58,413 [Worker-8: Launching mavenrun-7de323f4-fa1c-49e1-b3bf-86d5be1b4588] INFO  o.eclipse.m2e.core.internal.Bundles - 	Entry: C:\Users\10834363\Downloads\eclipse-java-2025-03-R-win32-x86_64\eclipse\plugins\org.eclipse.m2e.maven.runtime_3.9.900.20250220-2013\jars\plexus-utils-3.5.1.jar
2025-07-06 11:16:58,414 [Worker-8: Launching mavenrun-7de323f4-fa1c-49e1-b3bf-86d5be1b4588] INFO  o.eclipse.m2e.core.internal.Bundles - 	Entry: C:\Users\10834363\Downloads\eclipse-java-2025-03-R-win32-x86_64\eclipse\plugins\org.eclipse.m2e.maven.runtime_3.9.900.20250220-2013\jars\plexus-xml-3.0.1.jar
2025-07-06 11:16:58,414 [Worker-8: Launching mavenrun-7de323f4-fa1c-49e1-b3bf-86d5be1b4588] INFO  o.eclipse.m2e.core.internal.Bundles - 	Entry: C:\Users\10834363\Downloads\eclipse-java-2025-03-R-win32-x86_64\eclipse\plugins\org.eclipse.m2e.maven.runtime_3.9.900.20250220-2013\jars\wagon-file-3.5.3.jar
2025-07-06 11:16:58,415 [Worker-8: Launching mavenrun-7de323f4-fa1c-49e1-b3bf-86d5be1b4588] INFO  o.eclipse.m2e.core.internal.Bundles - 	Entry: C:\Users\10834363\Downloads\eclipse-java-2025-03-R-win32-x86_64\eclipse\plugins\org.eclipse.m2e.maven.runtime_3.9.900.20250220-2013\jars\wagon-http-3.5.3.jar
2025-07-06 11:16:58,416 [Worker-8: Launching mavenrun-7de323f4-fa1c-49e1-b3bf-86d5be1b4588] INFO  o.eclipse.m2e.core.internal.Bundles - 	Entry: C:\Users\10834363\Downloads\eclipse-java-2025-03-R-win32-x86_64\eclipse\plugins\org.eclipse.m2e.maven.runtime_3.9.900.20250220-2013\jars\wagon-http-shared-3.5.3.jar
2025-07-06 11:16:58,416 [Worker-8: Launching mavenrun-7de323f4-fa1c-49e1-b3bf-86d5be1b4588] INFO  o.eclipse.m2e.core.internal.Bundles - 	Entry: C:\Users\10834363\Downloads\eclipse-java-2025-03-R-win32-x86_64\eclipse\plugins\org.eclipse.m2e.maven.runtime_3.9.900.20250220-2013\jars\wagon-provider-api-3.5.3.jar
2025-07-06 11:16:58,418 [Worker-8: Launching mavenrun-7de323f4-fa1c-49e1-b3bf-86d5be1b4588] INFO  o.eclipse.m2e.core.internal.Bundles - getClasspathEntries(Bundle=com.google.guava_33.4.0.jre [12])
2025-07-06 11:16:58,419 [Worker-8: Launching mavenrun-7de323f4-fa1c-49e1-b3bf-86d5be1b4588] INFO  o.eclipse.m2e.core.internal.Bundles - 	Entry: C:\Users\10834363\Downloads\eclipse-java-2025-03-R-win32-x86_64\eclipse\plugins\com.google.guava_33.4.0.jre.jar
2025-07-06 11:16:58,419 [Worker-8: Launching mavenrun-7de323f4-fa1c-49e1-b3bf-86d5be1b4588] INFO  o.eclipse.m2e.core.internal.Bundles - getClasspathEntries(Bundle=slf4j.api_2.0.16 [523])
2025-07-06 11:16:58,420 [Worker-8: Launching mavenrun-7de323f4-fa1c-49e1-b3bf-86d5be1b4588] INFO  o.eclipse.m2e.core.internal.Bundles - 	Entry: C:\Users\10834363\Downloads\eclipse-java-2025-03-R-win32-x86_64\eclipse\plugins\slf4j.api_2.0.16.jar
2025-07-06 11:16:58,420 [Worker-8: Launching mavenrun-7de323f4-fa1c-49e1-b3bf-86d5be1b4588] INFO  o.eclipse.m2e.core.internal.Bundles - getClasspathEntries(Bundle=jakarta.inject.jakarta.inject-api_1.0.5 [24])
2025-07-06 11:16:58,420 [Worker-8: Launching mavenrun-7de323f4-fa1c-49e1-b3bf-86d5be1b4588] INFO  o.eclipse.m2e.core.internal.Bundles - 	Entry: C:\Users\10834363\Downloads\eclipse-java-2025-03-R-win32-x86_64\eclipse\plugins\jakarta.inject.jakarta.inject-api_1.0.5.jar
2025-07-06 11:16:58,420 [Worker-8: Launching mavenrun-7de323f4-fa1c-49e1-b3bf-86d5be1b4588] INFO  o.eclipse.m2e.core.internal.Bundles - getClasspathEntries(Bundle=jakarta.annotation-api_1.3.5 [22])
2025-07-06 11:16:58,421 [Worker-8: Launching mavenrun-7de323f4-fa1c-49e1-b3bf-86d5be1b4588] INFO  o.eclipse.m2e.core.internal.Bundles - 	Entry: C:\Users\10834363\Downloads\eclipse-java-2025-03-R-win32-x86_64\eclipse\plugins\jakarta.annotation-api_1.3.5.jar
2025-07-06 11:16:58,421 [Worker-8: Launching mavenrun-7de323f4-fa1c-49e1-b3bf-86d5be1b4588] INFO  o.eclipse.m2e.core.internal.Bundles - getClasspathEntries(Bundle=org.apache.commons.cli_1.9.0 [48])
2025-07-06 11:16:58,422 [Worker-8: Launching mavenrun-7de323f4-fa1c-49e1-b3bf-86d5be1b4588] INFO  o.eclipse.m2e.core.internal.Bundles - 	Entry: C:\Users\10834363\Downloads\eclipse-java-2025-03-R-win32-x86_64\eclipse\plugins\org.apache.commons.cli_1.9.0.jar
2025-07-06 11:16:58,422 [Worker-8: Launching mavenrun-7de323f4-fa1c-49e1-b3bf-86d5be1b4588] INFO  o.eclipse.m2e.core.internal.Bundles - getClasspathEntries(Bundle=org.apache.commons.commons-codec_1.16.0 [49])
2025-07-06 11:16:58,422 [Worker-8: Launching mavenrun-7de323f4-fa1c-49e1-b3bf-86d5be1b4588] INFO  o.eclipse.m2e.core.internal.Bundles - 	Entry: C:\Users\10834363\Downloads\eclipse-java-2025-03-R-win32-x86_64\eclipse\plugins\org.apache.commons.commons-codec_1.16.0.jar
2025-07-06 11:16:58,423 [Worker-8: Launching mavenrun-7de323f4-fa1c-49e1-b3bf-86d5be1b4588] INFO  o.eclipse.m2e.core.internal.Bundles - getClasspathEntries(Bundle=com.google.guava.failureaccess_1.0.2 [13])
2025-07-06 11:16:58,423 [Worker-8: Launching mavenrun-7de323f4-fa1c-49e1-b3bf-86d5be1b4588] INFO  o.eclipse.m2e.core.internal.Bundles - 	Entry: C:\Users\10834363\Downloads\eclipse-java-2025-03-R-win32-x86_64\eclipse\plugins\com.google.guava.failureaccess_1.0.2.jar
2025-07-06 11:16:58,432 [Worker-8: Launching mavenrun-7de323f4-fa1c-49e1-b3bf-86d5be1b4588] INFO  o.e.m.i.launch.MavenLaunchDelegate - Run build in "C:\Users\10834363\AppData\Local\Temp\m2e-archetypeGenerator1013959274167996923":
2025-07-06 11:16:58,439 [Worker-8: Launching mavenrun-7de323f4-fa1c-49e1-b3bf-86d5be1b4588] INFO  o.e.m.i.launch.MavenLaunchDelegate -  mvn  -DarchetypeGroupId=org.apache.maven.archetypes -DarchetypeArtifactId=maven-archetype-quickstart -DarchetypeVersion=1.1 -DgroupId=Reliance_Jewels -DartifactId=Hybrid -Dversion=0.0.1-SNAPSHOT -Dpackage=Reliance_Jewels.Hybrid -DoutputDirectory=C:\Users\10834363\Downloads\Code\Eclipse\Reliance_Jewels_Hybrid -Dstyle.color=always -U archetype:generate
2025-07-06 11:17:06,645 [Worker-12: Creating maven-archetype-quickstart] INFO  o.e.m.c.i.p.ProjectConfigurationManager - Collecting project info '/pom.xml' C:\Users\10834363\Downloads\Code\Eclipse\Reliance_Jewels_Hybrid\Hybrid\pom.xml
2025-07-06 11:17:07,396 [Worker-12: Creating maven-archetype-quickstart] INFO  o.e.m.c.i.l.LifecycleMappingFactory - Using org.eclipse.m2e.jdt.JarLifecycleMapping lifecycle mapping for MavenProject: Reliance_Jewels:Hybrid:0.0.1-SNAPSHOT @ C:\Users\10834363\Downloads\Code\Eclipse\Reliance_Jewels_Hybrid\Hybrid\pom.xml.
2025-07-06 11:17:08,204 [Worker-12: Creating maven-archetype-quickstart] INFO  o.e.m.j.i.AbstractJavaProjectConfigurator - Adding source folder /Hybrid/src/main/java
2025-07-06 11:17:08,207 [Worker-12: Creating maven-archetype-quickstart] INFO  o.e.m.j.i.AbstractJavaProjectConfigurator - Adding resource folder /Hybrid/src/main/resources
2025-07-06 11:17:08,215 [Worker-12: Creating maven-archetype-quickstart] INFO  o.e.m.j.i.AbstractJavaProjectConfigurator - Adding source folder /Hybrid/src/test/java
2025-07-06 11:17:08,217 [Worker-12: Creating maven-archetype-quickstart] INFO  o.e.m.j.i.AbstractJavaProjectConfigurator - Adding resource folder /Hybrid/src/test/resources
2025-07-06 11:17:08,516 [Worker-12: Creating maven-archetype-quickstart] INFO  o.e.m.c.i.p.ProjectConfigurationManager - Imported and configured 1 project(s) in 1 sec
2025-07-06 11:17:09,542 [Worker-12: Building] INFO  o.a.m.s.f.DefaultMavenResourcesFiltering - skip non existing resourceDirectory C:\Users\10834363\Downloads\Code\Eclipse\Reliance_Jewels_Hybrid\Hybrid\src\main\resources
2025-07-06 11:17:09,548 [Worker-12: Building] INFO  o.a.m.s.f.DefaultMavenResourcesFiltering - skip non existing resourceDirectory C:\Users\10834363\Downloads\Code\Eclipse\Reliance_Jewels_Hybrid\Hybrid\src\test\resources
